<?xml version="1.0" encoding="UTF-8"?>
<!-- Generated by org.testng.reporters.JUnitXMLReporter -->
<testsuite ignored="0" hostname="DESKTOP-MFOD7DB" failures="0" tests="3" name="Default test" time="27.728" errors="0" timestamp="2026-01-29T17:31:49 IST">
  <testcase classname="com.qa.opencart.tests.LoginPageTest" name="LoginPageNavigationTest" time="2.664"/>
  <testcase classname="com.qa.opencart.tests.LoginPageTest" name="isForgotPasswordExistsTest" time="0.042"/>
  <testcase classname="com.qa.opencart.tests.LoginPageTest" name="doLogin" time="3.637"/>
</testsuite> <!-- Default test -->
