<?xml version="1.0" encoding="UTF-8"?>
<!-- Generated by org.testng.reporters.JUnitXMLReporter -->
<testsuite ignored="0" hostname="DESKTOP-MFOD7DB" failures="0" tests="7" name="Test" time="51.979" errors="0" timestamp="2026-02-02T12:09:53 IST">
  <testcase classname="com.qa.opencart.tests.HomePageTest" name="HomepageLogin" time="0.125"/>
  <testcase classname="com.qa.opencart.tests.HomePageTest" name="HomepageGetUrl" time="0.015"/>
  <testcase classname="com.qa.opencart.tests.HomePageTest" name="HomepageSearch" time="4.219"/>
  <testcase classname="com.qa.opencart.tests.HomePageTest" name="HomepageButton" time="1.457"/>
  <testcase classname="com.qa.opencart.tests.LoginPageTest" name="LoginPageNavigationTest" time="2.481"/>
  <testcase classname="com.qa.opencart.tests.LoginPageTest" name="isForgotPasswordExistsTest" time="0.019"/>
  <testcase classname="com.qa.opencart.tests.LoginPageTest" name="doLogin" time="3.705"/>
</testsuite> <!-- Test -->
