<?xml version="1.0" encoding="UTF-8"?>
<!-- Generated by org.testng.reporters.JUnitXMLReporter -->
<testsuite ignored="0" hostname="DESKTOP-MFOD7DB" failures="0" tests="7" name="Test" time="41.247" errors="0" timestamp="2026-02-02T19:55:11 IST">
  <testcase classname="com.qa.opencart.tests.HomePageTest" name="HomepageLogin" time="0.056"/>
  <testcase classname="com.qa.opencart.tests.HomePageTest" name="HomepageGetUrl" time="0.005"/>
  <testcase classname="com.qa.opencart.tests.HomePageTest" name="HomepageSearch" time="4.176"/>
  <testcase classname="com.qa.opencart.tests.HomePageTest" name="HomepageButton" time="1.42"/>
  <testcase classname="com.qa.opencart.tests.LoginPageTest" name="LoginPageNavigationTest" time="2.491"/>
  <testcase classname="com.qa.opencart.tests.LoginPageTest" name="isForgotPasswordExistsTest" time="0.061"/>
  <testcase classname="com.qa.opencart.tests.LoginPageTest" name="doLogin" time="3.602"/>
</testsuite> <!-- Test -->
