<?xml version="1.0" encoding="UTF-8"?>
<!-- Generated by org.testng.reporters.JUnitXMLReporter -->
<testsuite ignored="0" hostname="DESKTOP-MFOD7DB" failures="0" tests="4" name="Open cart homepage test" time="32.224" errors="0" timestamp="2026-01-30T12:03:27 IST">
  <testcase classname="com.qa.opencart.tests.HomePageTest" name="HomepageLogin" time="0.045"/>
  <testcase classname="com.qa.opencart.tests.HomePageTest" name="HomepageGetUrl" time="0.004"/>
  <testcase classname="com.qa.opencart.tests.HomePageTest" name="HomepageSearch" time="4.13"/>
  <testcase classname="com.qa.opencart.tests.HomePageTest" name="HomepageButton" time="1.484"/>
</testsuite> <!-- Open cart homepage test -->
