<?xml version="1.0" encoding="UTF-8"?>
<!-- Generated by org.testng.reporters.JUnitXMLReporter -->
<testsuite ignored="0" hostname="DESKTOP-MFOD7DB" failures="0" tests="3" name="Open cart Loginpage test" time="15.133" errors="0" timestamp="2026-01-30T12:03:42 IST">
  <testcase classname="com.qa.opencart.tests.LoginPageTest" name="LoginPageNavigationTest" time="2.512"/>
  <testcase classname="com.qa.opencart.tests.LoginPageTest" name="isForgotPasswordExistsTest" time="0.032"/>
  <testcase classname="com.qa.opencart.tests.LoginPageTest" name="doLogin" time="4.101"/>
</testsuite> <!-- Open cart Loginpage test -->
