<?xml version="1.0" encoding="UTF-8"?>
<!-- Generated by org.testng.reporters.JUnitReportReporter -->
<testsuite hostname="DESKTOP-MFOD7DB" failures="0" tests="4" name="com.qa.opencart.tests.HomePageTest" time="5.657" errors="0" timestamp="2026-02-02T19:55:11 IST" skipped="0">
  <testcase classname="com.qa.opencart.tests.HomePageTest" name="HomepageLogin" time="0.056"/>
  <testcase classname="com.qa.opencart.tests.HomePageTest" name="HomepageGetUrl" time="0.005"/>
  <testcase classname="com.qa.opencart.tests.HomePageTest" name="HomepageSearch" time="4.176"/>
  <testcase classname="com.qa.opencart.tests.HomePageTest" name="HomepageButton" time="1.420"/>
</testsuite> <!-- com.qa.opencart.tests.HomePageTest -->
