<?xml version="1.0" encoding="UTF-8"?>
<!-- Generated by org.testng.reporters.JUnitReportReporter -->
<testsuite hostname="DESKTOP-MFOD7DB" failures="0" tests="3" name="com.qa.opencart.tests.LoginPageTest" time="6.154" errors="0" timestamp="2026-02-02T19:55:11 IST" skipped="0">
  <testcase classname="com.qa.opencart.tests.LoginPageTest" name="LoginPageNavigationTest" time="2.491"/>
  <testcase classname="com.qa.opencart.tests.LoginPageTest" name="isForgotPasswordExistsTest" time="0.061"/>
  <testcase classname="com.qa.opencart.tests.LoginPageTest" name="doLogin" time="3.602"/>
</testsuite> <!-- com.qa.opencart.tests.LoginPageTest -->
