<?xml version="1.0" encoding="UTF-8"?>
<!-- Generated by org.testng.reporters.JUnitReportReporter -->
<testsuite hostname="DESKTOP-MFOD7DB" failures="0" tests="3" name="com.qa.opencart.tests.LoginPageTest" time="6.205" errors="0" timestamp="2026-02-02T12:09:53 IST" skipped="0">
  <testcase classname="com.qa.opencart.tests.LoginPageTest" name="LoginPageNavigationTest" time="2.481"/>
  <testcase classname="com.qa.opencart.tests.LoginPageTest" name="isForgotPasswordExistsTest" time="0.019"/>
  <testcase classname="com.qa.opencart.tests.LoginPageTest" name="doLogin" time="3.705"/>
</testsuite> <!-- com.qa.opencart.tests.LoginPageTest -->
