<?xml version="1.0" encoding="UTF-8"?>
<!-- Generated by org.testng.reporters.JUnitReportReporter -->
<testsuite hostname="DESKTOP-MFOD7DB" failures="0" tests="4" name="com.qa.opencart.tests.HomePageTest" time="7.707" errors="0" timestamp="2026-02-03T11:23:36 IST" skipped="0">
  <testcase classname="com.qa.opencart.tests.HomePageTest" name="HomepageLogin" time="0.059"/>
  <testcase classname="com.qa.opencart.tests.HomePageTest" name="HomepageGetUrl" time="0.005"/>
  <testcase classname="com.qa.opencart.tests.HomePageTest" name="HomepageSearch" time="4.170"/>
  <testcase classname="com.qa.opencart.tests.HomePageTest" name="HomepageButton" time="3.473"/>
</testsuite> <!-- com.qa.opencart.tests.HomePageTest -->
