<?xml version="1.0" encoding="UTF-8"?>
<!-- Generated by org.testng.reporters.JUnitXMLReporter -->
<testsuite ignored="0" hostname="DESKTOP-MFOD7DB" failures="0" tests="4" name="HomeTests" time="41.743" errors="0" timestamp="2026-02-02T21:06:35 IST">
  <testcase classname="com.qa.opencart.tests.BaseTest" name="@BeforeClass SetUp" time="41.57">
    <failure type="com.microsoft.playwright.PlaywrightException" message="Error {
  message=&amp;apos;net::ERR_CONNECTION_TIMED_OUT at https://naveenautomationlabs.com/opencart/
  name=&amp;apos;Error
  stack=&amp;apos;Error: net::ERR_CONNECTION_TIMED_OUT at https://naveenautomationlabs.com/opencart/
    at FrameSession._navigate (C:\Users\Admin\AppData\Local\Temp\playwright-java-11389901864790644091\package\lib\server\chromium\crPage.js:487:13)
    at async Frame.gotoImpl (C:\Users\Admin\AppData\Local\Temp\playwright-java-11389901864790644091\package\lib\server\frames.js:522:28)
}
Call log:
-   - navigating to &amp;quot;https://naveenautomationlabs.com/opencart/&amp;quot;, waiting until &amp;quot;load&amp;quot;
">
      <![CDATA[com.microsoft.playwright.PlaywrightException: Error {
  message='net::ERR_CONNECTION_TIMED_OUT at https://naveenautomationlabs.com/opencart/
  name='Error
  stack='Error: net::ERR_CONNECTION_TIMED_OUT at https://naveenautomationlabs.com/opencart/
    at FrameSession._navigate (C:\Users\Admin\AppData\Local\Temp\playwright-java-11389901864790644091\package\lib\server\chromium\crPage.js:487:13)
    at async Frame.gotoImpl (C:\Users\Admin\AppData\Local\Temp\playwright-java-11389901864790644091\package\lib\server\frames.js:522:28)
}
Call log:
-   - navigating to "https://naveenautomationlabs.com/opencart/", waiting until "load"

at com.microsoft.playwright.impl.WaitableResult.get(WaitableResult.java:56)
at com.microsoft.playwright.impl.ChannelOwner.runUntil(ChannelOwner.java:138)
at com.microsoft.playwright.impl.Connection.sendMessage(Connection.java:131)
at com.microsoft.playwright.impl.ChannelOwner.sendMessage(ChannelOwner.java:124)
at com.microsoft.playwright.impl.FrameImpl.navigateImpl(FrameImpl.java:429)
at com.microsoft.playwright.impl.PageImpl.navigate(PageImpl.java:929)
at com.microsoft.playwright.impl.PageImpl.navigate(PageImpl.java:43)
at com.microsoft.playwright.Page.navigate(Page.java:5504)
at com.qa.opencart.factory.PlaywrightFactory.initBrowser(PlaywrightFactory.java:75)
at com.qa.opencart.tests.BaseTest.SetUp(BaseTest.java:26)
at java.base/java.util.ArrayList.forEach(ArrayList.java:1604)
Caused by: com.microsoft.playwright.impl.DriverException: Error {
  message='net::ERR_CONNECTION_TIMED_OUT at https://naveenautomationlabs.com/opencart/
  name='Error
  stack='Error: net::ERR_CONNECTION_TIMED_OUT at https://naveenautomationlabs.com/opencart/
    at FrameSession._navigate (C:\Users\Admin\AppData\Local\Temp\playwright-java-11389901864790644091\package\lib\server\chromium\crPage.js:487:13)
    at async Frame.gotoImpl (C:\Users\Admin\AppData\Local\Temp\playwright-java-11389901864790644091\package\lib\server\frames.js:522:28)
}
Call log:
-   - navigating to "https://naveenautomationlabs.com/opencart/", waiting until "load"

at com.microsoft.playwright.impl.Connection.dispatch(Connection.java:262)
at com.microsoft.playwright.impl.Connection.processOneMessage(Connection.java:214)
at com.microsoft.playwright.impl.ChannelOwner.runUntil(ChannelOwner.java:136)
... 32 more
... Removed 23 stack frames]]>
    </failure>
  </testcase> <!-- @BeforeClass SetUp -->
  <testcase classname="com.qa.opencart.tests.BaseTest" name="@AfterClass tearDown" time="0.0">
    <skipped/>
  </testcase> <!-- @AfterClass tearDown -->
  <testcase classname="com.qa.opencart.tests.HomePageTest" name="HomepageLogin" time="0.0">
    <skipped/>
  </testcase> <!-- HomepageLogin -->
  <testcase classname="com.qa.opencart.tests.HomePageTest" name="HomepageGetUrl" time="0.0">
    <skipped/>
  </testcase> <!-- HomepageGetUrl -->
  <testcase classname="com.qa.opencart.tests.HomePageTest" name="HomepageSearch" time="0.0">
    <skipped/>
  </testcase> <!-- HomepageSearch -->
  <testcase classname="com.qa.opencart.tests.HomePageTest" name="HomepageButton" time="0.0">
    <skipped/>
  </testcase> <!-- HomepageButton -->
</testsuite> <!-- HomeTests -->
