<html>
<head>
<title>TestNG:  LoginTests</title>
<link href="../testng.css" rel="stylesheet" type="text/css" />
<link href="../my-testng.css" rel="stylesheet" type="text/css" />

<style type="text/css">
.log { display: none;} 
.stack-trace { display: none;} 
</style>
<script type="text/javascript">
<!--
function flip(e) {
  current = e.style.display;
  if (current == 'block') {
    e.style.display = 'none';
    return 0;
  }
  else {
    e.style.display = 'block';
    return 1;
  }
}

function toggleBox(szDivId, elem, msg1, msg2)
{
  var res = -1;  if (document.getElementById) {
    res = flip(document.getElementById(szDivId));
  }
  else if (document.all) {
    // this is the way old msie versions work
    res = flip(document.all[szDivId]);
  }
  if(elem) {
    if(res == 0) elem.innerHTML = msg1; else elem.innerHTML = msg2;
  }

}

function toggleAllBoxes() {
  if (document.getElementsByTagName) {
    d = document.getElementsByTagName('div');
    for (i = 0; i < d.length; i++) {
      if (d[i].className == 'log') {
        flip(d[i]);
      }
    }
  }
}

// -->
</script>

</head>
<body>
<h2 align='center'>LoginTests</h2><table border='1' align="center">
<tr>
<td>Tests passed/Failed/Skipped:</td><td>0/0/3</td>
</tr><tr>
<td>Started on:</td><td>Mon Feb 02 21:06:35 IST 2026</td>
</tr>
<tr><td>Total time:</td><td>24 seconds (24166 ms)</td>
</tr><tr>
<td>Included groups:</td><td></td>
</tr><tr>
<td>Excluded groups:</td><td></td>
</tr>
</table><p/>
<small><i>(Hover the method name to see the test class name)</i></small><p/>
<table width='100%' border='1' class='invocation-failed'>
<tr><td colspan='4' align='center'><b>FAILED CONFIGURATIONS</b></td></tr>
<tr><td><b>Test method</b></td>
<td><b>Attribute(s)</b></td>
<td width="30%"><b>Exception</b></td>
<td width="10%"><b>Time (seconds)</b></td>
<td><b>Instance</b></td>
</tr>
<tr>
<td title='com.qa.opencart.tests.LoginPageTest.SetUp()'><b>SetUp</b><br>Test class: com.qa.opencart.tests.LoginPageTest</td>
<td><div><pre>com.microsoft.playwright.PlaywrightException: Error {
  message=&apos;net::ERR_CONNECTION_TIMED_OUT at https://naveenautomationlabs.com/opencart/
  name=&apos;Error
  stack=&apos;Error: net::ERR_CONNECTION_TIMED_OUT at https://naveenautomationlabs.com/opencart/
    at FrameSession._navigate (C:\Users\Admin\AppData\Local\Temp\playwright-java-11389901864790644091\package\lib\server\chromium\crPage.js:487:13)
    at async Frame.gotoImpl (C:\Users\Admin\AppData\Local\Temp\playwright-java-11389901864790644091\package\lib\server\frames.js:522:28)
}
Call log:
-   - navigating to &quot;https://naveenautomationlabs.com/opencart/&quot;, waiting until &quot;load&quot;

	at com.microsoft.playwright.impl.WaitableResult.get(WaitableResult.java:56)
	at com.microsoft.playwright.impl.ChannelOwner.runUntil(ChannelOwner.java:138)
	at com.microsoft.playwright.impl.Connection.sendMessage(Connection.java:131)
	at com.microsoft.playwright.impl.ChannelOwner.sendMessage(ChannelOwner.java:124)
	at com.microsoft.playwright.impl.FrameImpl.navigateImpl(FrameImpl.java:429)
	at com.microsoft.playwright.impl.PageImpl.navigate(PageImpl.java:929)
	at com.microsoft.playwright.impl.PageImpl.navigate(PageImpl.java:43)
	at com.microsoft.playwright.Page.navigate(Page.java:5504)
	at com.qa.opencart.factory.PlaywrightFactory.initBrowser(PlaywrightFactory.java:75)
	at com.qa.opencart.tests.BaseTest.SetUp(BaseTest.java:26)
	at java.base/java.util.ArrayList.forEach(ArrayList.java:1604)
Caused by: com.microsoft.playwright.impl.DriverException: Error {
  message=&apos;net::ERR_CONNECTION_TIMED_OUT at https://naveenautomationlabs.com/opencart/
  name=&apos;Error
  stack=&apos;Error: net::ERR_CONNECTION_TIMED_OUT at https://naveenautomationlabs.com/opencart/
    at FrameSession._navigate (C:\Users\Admin\AppData\Local\Temp\playwright-java-11389901864790644091\package\lib\server\chromium\crPage.js:487:13)
    at async Frame.gotoImpl (C:\Users\Admin\AppData\Local\Temp\playwright-java-11389901864790644091\package\lib\server\frames.js:522:28)
}
Call log:
-   - navigating to &quot;https://naveenautomationlabs.com/opencart/&quot;, waiting until &quot;load&quot;

	at com.microsoft.playwright.impl.Connection.dispatch(Connection.java:262)
	at com.microsoft.playwright.impl.Connection.processOneMessage(Connection.java:214)
	at com.microsoft.playwright.impl.ChannelOwner.runUntil(ChannelOwner.java:136)
	... 32 more
... Removed 23 stack frames</pre></div><a href='#' onClick='toggleBox("stack-trace1345401730", this, "Click to show all stack frames", "Click to hide stack frames")'>Click to show all stack frames</a>
<div class='stack-trace' id='stack-trace1345401730'><pre>com.microsoft.playwright.PlaywrightException: Error {
  message=&apos;net::ERR_CONNECTION_TIMED_OUT at https://naveenautomationlabs.com/opencart/
  name=&apos;Error
  stack=&apos;Error: net::ERR_CONNECTION_TIMED_OUT at https://naveenautomationlabs.com/opencart/
    at FrameSession._navigate (C:\Users\Admin\AppData\Local\Temp\playwright-java-11389901864790644091\package\lib\server\chromium\crPage.js:487:13)
    at async Frame.gotoImpl (C:\Users\Admin\AppData\Local\Temp\playwright-java-11389901864790644091\package\lib\server\frames.js:522:28)
}
Call log:
-   - navigating to &quot;https://naveenautomationlabs.com/opencart/&quot;, waiting until &quot;load&quot;

	at com.microsoft.playwright.impl.WaitableResult.get(WaitableResult.java:56)
	at com.microsoft.playwright.impl.ChannelOwner.runUntil(ChannelOwner.java:138)
	at com.microsoft.playwright.impl.Connection.sendMessage(Connection.java:131)
	at com.microsoft.playwright.impl.ChannelOwner.sendMessage(ChannelOwner.java:124)
	at com.microsoft.playwright.impl.FrameImpl.navigateImpl(FrameImpl.java:429)
	at com.microsoft.playwright.impl.PageImpl.navigate(PageImpl.java:929)
	at com.microsoft.playwright.impl.PageImpl.navigate(PageImpl.java:43)
	at com.microsoft.playwright.Page.navigate(Page.java:5504)
	at com.qa.opencart.factory.PlaywrightFactory.initBrowser(PlaywrightFactory.java:75)
	at com.qa.opencart.tests.BaseTest.SetUp(BaseTest.java:26)
	at java.base/jdk.internal.reflect.DirectMethodHandleAccessor.invoke(DirectMethodHandleAccessor.java:104)
	at java.base/java.lang.reflect.Method.invoke(Method.java:565)
	at org.testng.internal.invokers.MethodInvocationHelper.invokeMethod(MethodInvocationHelper.java:141)
	at org.testng.internal.invokers.MethodInvocationHelper.invokeMethodConsideringTimeout(MethodInvocationHelper.java:71)
	at org.testng.internal.invokers.ConfigInvoker.invokeConfigurationMethod(ConfigInvoker.java:400)
	at org.testng.internal.invokers.ConfigInvoker.invokeConfigurations(ConfigInvoker.java:333)
	at org.testng.internal.invokers.TestMethodWorker.invokeBeforeClassMethods(TestMethodWorker.java:188)
	at org.testng.internal.invokers.TestMethodWorker.run(TestMethodWorker.java:128)
	at java.base/java.util.ArrayList.forEach(ArrayList.java:1604)
	at org.testng.TestRunner.privateRun(TestRunner.java:741)
	at org.testng.TestRunner.run(TestRunner.java:616)
	at org.testng.SuiteRunner.runTest(SuiteRunner.java:421)
	at org.testng.SuiteRunner.runSequentially(SuiteRunner.java:413)
	at org.testng.SuiteRunner.privateRun(SuiteRunner.java:373)
	at org.testng.SuiteRunner.run(SuiteRunner.java:312)
	at org.testng.SuiteRunnerWorker.runSuite(SuiteRunnerWorker.java:52)
	at org.testng.SuiteRunnerWorker.run(SuiteRunnerWorker.java:95)
	at org.testng.TestNG.runSuitesSequentially(TestNG.java:1274)
	at org.testng.TestNG.runSuitesLocally(TestNG.java:1208)
	at org.testng.TestNG.runSuites(TestNG.java:1112)
	at org.testng.TestNG.run(TestNG.java:1079)
	at org.testng.remote.AbstractRemoteTestNG.run(AbstractRemoteTestNG.java:115)
	at org.testng.remote.RemoteTestNG.initAndRun(RemoteTestNG.java:293)
	at org.testng.remote.RemoteTestNG.main(RemoteTestNG.java:91)
Caused by: com.microsoft.playwright.impl.DriverException: Error {
  message=&apos;net::ERR_CONNECTION_TIMED_OUT at https://naveenautomationlabs.com/opencart/
  name=&apos;Error
  stack=&apos;Error: net::ERR_CONNECTION_TIMED_OUT at https://naveenautomationlabs.com/opencart/
    at FrameSession._navigate (C:\Users\Admin\AppData\Local\Temp\playwright-java-11389901864790644091\package\lib\server\chromium\crPage.js:487:13)
    at async Frame.gotoImpl (C:\Users\Admin\AppData\Local\Temp\playwright-java-11389901864790644091\package\lib\server\frames.js:522:28)
}
Call log:
-   - navigating to &quot;https://naveenautomationlabs.com/opencart/&quot;, waiting until &quot;load&quot;

	at com.microsoft.playwright.impl.Connection.dispatch(Connection.java:262)
	at com.microsoft.playwright.impl.Connection.processOneMessage(Connection.java:214)
	at com.microsoft.playwright.impl.ChannelOwner.runUntil(ChannelOwner.java:136)
	... 32 more
</pre></div></td>
<td>24</td>
<td>com.qa.opencart.tests.LoginPageTest@74e52303</td></tr>
</table><p>
<table width='100%' border='1' class='invocation-skipped'>
<tr><td colspan='4' align='center'><b>SKIPPED CONFIGURATIONS</b></td></tr>
<tr><td><b>Test method</b></td>
<td><b>Attribute(s)</b></td>
<td width="30%"><b>Exception</b></td>
<td width="10%"><b>Time (seconds)</b></td>
<td><b>Instance</b></td>
</tr>
<tr>
<td title='com.qa.opencart.tests.LoginPageTest.tearDown()'><b>tearDown</b><br>Test class: com.qa.opencart.tests.LoginPageTest</td>
<td></td>
<td>0</td>
<td>com.qa.opencart.tests.LoginPageTest@74e52303</td></tr>
</table><p>
<table width='100%' border='1' class='invocation-skipped'>
<tr><td colspan='4' align='center'><b>SKIPPED TESTS</b></td></tr>
<tr><td><b>Test method</b></td>
<td><b>Attribute(s)</b></td>
<td width="30%"><b>Exception</b></td>
<td width="10%"><b>Time (seconds)</b></td>
<td><b>Instance</b></td>
</tr>
<tr>
<td title='com.qa.opencart.tests.LoginPageTest.doLogin()'><b>doLogin</b><br>Test class: com.qa.opencart.tests.LoginPageTest</td>
<td><div><pre>com.microsoft.playwright.PlaywrightException: Error {
  message=&apos;net::ERR_CONNECTION_TIMED_OUT at https://naveenautomationlabs.com/opencart/
  name=&apos;Error
  stack=&apos;Error: net::ERR_CONNECTION_TIMED_OUT at https://naveenautomationlabs.com/opencart/
    at FrameSession._navigate (C:\Users\Admin\AppData\Local\Temp\playwright-java-11389901864790644091\package\lib\server\chromium\crPage.js:487:13)
    at async Frame.gotoImpl (C:\Users\Admin\AppData\Local\Temp\playwright-java-11389901864790644091\package\lib\server\frames.js:522:28)
}
Call log:
-   - navigating to &quot;https://naveenautomationlabs.com/opencart/&quot;, waiting until &quot;load&quot;

	at com.microsoft.playwright.impl.WaitableResult.get(WaitableResult.java:56)
	at com.microsoft.playwright.impl.ChannelOwner.runUntil(ChannelOwner.java:138)
	at com.microsoft.playwright.impl.Connection.sendMessage(Connection.java:131)
	at com.microsoft.playwright.impl.ChannelOwner.sendMessage(ChannelOwner.java:124)
	at com.microsoft.playwright.impl.FrameImpl.navigateImpl(FrameImpl.java:429)
	at com.microsoft.playwright.impl.PageImpl.navigate(PageImpl.java:929)
	at com.microsoft.playwright.impl.PageImpl.navigate(PageImpl.java:43)
	at com.microsoft.playwright.Page.navigate(Page.java:5504)
	at com.qa.opencart.factory.PlaywrightFactory.initBrowser(PlaywrightFactory.java:75)
	at com.qa.opencart.tests.BaseTest.SetUp(BaseTest.java:26)
	at java.base/java.util.ArrayList.forEach(ArrayList.java:1604)
Caused by: com.microsoft.playwright.impl.DriverException: Error {
  message=&apos;net::ERR_CONNECTION_TIMED_OUT at https://naveenautomationlabs.com/opencart/
  name=&apos;Error
  stack=&apos;Error: net::ERR_CONNECTION_TIMED_OUT at https://naveenautomationlabs.com/opencart/
    at FrameSession._navigate (C:\Users\Admin\AppData\Local\Temp\playwright-java-11389901864790644091\package\lib\server\chromium\crPage.js:487:13)
    at async Frame.gotoImpl (C:\Users\Admin\AppData\Local\Temp\playwright-java-11389901864790644091\package\lib\server\frames.js:522:28)
}
Call log:
-   - navigating to &quot;https://naveenautomationlabs.com/opencart/&quot;, waiting until &quot;load&quot;

	at com.microsoft.playwright.impl.Connection.dispatch(Connection.java:262)
	at com.microsoft.playwright.impl.Connection.processOneMessage(Connection.java:214)
	at com.microsoft.playwright.impl.ChannelOwner.runUntil(ChannelOwner.java:136)
	... 32 more
... Removed 23 stack frames</pre></div><a href='#' onClick='toggleBox("stack-trace1934932165", this, "Click to show all stack frames", "Click to hide stack frames")'>Click to show all stack frames</a>
<div class='stack-trace' id='stack-trace1934932165'><pre>com.microsoft.playwright.PlaywrightException: Error {
  message=&apos;net::ERR_CONNECTION_TIMED_OUT at https://naveenautomationlabs.com/opencart/
  name=&apos;Error
  stack=&apos;Error: net::ERR_CONNECTION_TIMED_OUT at https://naveenautomationlabs.com/opencart/
    at FrameSession._navigate (C:\Users\Admin\AppData\Local\Temp\playwright-java-11389901864790644091\package\lib\server\chromium\crPage.js:487:13)
    at async Frame.gotoImpl (C:\Users\Admin\AppData\Local\Temp\playwright-java-11389901864790644091\package\lib\server\frames.js:522:28)
}
Call log:
-   - navigating to &quot;https://naveenautomationlabs.com/opencart/&quot;, waiting until &quot;load&quot;

	at com.microsoft.playwright.impl.WaitableResult.get(WaitableResult.java:56)
	at com.microsoft.playwright.impl.ChannelOwner.runUntil(ChannelOwner.java:138)
	at com.microsoft.playwright.impl.Connection.sendMessage(Connection.java:131)
	at com.microsoft.playwright.impl.ChannelOwner.sendMessage(ChannelOwner.java:124)
	at com.microsoft.playwright.impl.FrameImpl.navigateImpl(FrameImpl.java:429)
	at com.microsoft.playwright.impl.PageImpl.navigate(PageImpl.java:929)
	at com.microsoft.playwright.impl.PageImpl.navigate(PageImpl.java:43)
	at com.microsoft.playwright.Page.navigate(Page.java:5504)
	at com.qa.opencart.factory.PlaywrightFactory.initBrowser(PlaywrightFactory.java:75)
	at com.qa.opencart.tests.BaseTest.SetUp(BaseTest.java:26)
	at java.base/jdk.internal.reflect.DirectMethodHandleAccessor.invoke(DirectMethodHandleAccessor.java:104)
	at java.base/java.lang.reflect.Method.invoke(Method.java:565)
	at org.testng.internal.invokers.MethodInvocationHelper.invokeMethod(MethodInvocationHelper.java:141)
	at org.testng.internal.invokers.MethodInvocationHelper.invokeMethodConsideringTimeout(MethodInvocationHelper.java:71)
	at org.testng.internal.invokers.ConfigInvoker.invokeConfigurationMethod(ConfigInvoker.java:400)
	at org.testng.internal.invokers.ConfigInvoker.invokeConfigurations(ConfigInvoker.java:333)
	at org.testng.internal.invokers.TestMethodWorker.invokeBeforeClassMethods(TestMethodWorker.java:188)
	at org.testng.internal.invokers.TestMethodWorker.run(TestMethodWorker.java:128)
	at java.base/java.util.ArrayList.forEach(ArrayList.java:1604)
	at org.testng.TestRunner.privateRun(TestRunner.java:741)
	at org.testng.TestRunner.run(TestRunner.java:616)
	at org.testng.SuiteRunner.runTest(SuiteRunner.java:421)
	at org.testng.SuiteRunner.runSequentially(SuiteRunner.java:413)
	at org.testng.SuiteRunner.privateRun(SuiteRunner.java:373)
	at org.testng.SuiteRunner.run(SuiteRunner.java:312)
	at org.testng.SuiteRunnerWorker.runSuite(SuiteRunnerWorker.java:52)
	at org.testng.SuiteRunnerWorker.run(SuiteRunnerWorker.java:95)
	at org.testng.TestNG.runSuitesSequentially(TestNG.java:1274)
	at org.testng.TestNG.runSuitesLocally(TestNG.java:1208)
	at org.testng.TestNG.runSuites(TestNG.java:1112)
	at org.testng.TestNG.run(TestNG.java:1079)
	at org.testng.remote.AbstractRemoteTestNG.run(AbstractRemoteTestNG.java:115)
	at org.testng.remote.RemoteTestNG.initAndRun(RemoteTestNG.java:293)
	at org.testng.remote.RemoteTestNG.main(RemoteTestNG.java:91)
Caused by: com.microsoft.playwright.impl.DriverException: Error {
  message=&apos;net::ERR_CONNECTION_TIMED_OUT at https://naveenautomationlabs.com/opencart/
  name=&apos;Error
  stack=&apos;Error: net::ERR_CONNECTION_TIMED_OUT at https://naveenautomationlabs.com/opencart/
    at FrameSession._navigate (C:\Users\Admin\AppData\Local\Temp\playwright-java-11389901864790644091\package\lib\server\chromium\crPage.js:487:13)
    at async Frame.gotoImpl (C:\Users\Admin\AppData\Local\Temp\playwright-java-11389901864790644091\package\lib\server\frames.js:522:28)
}
Call log:
-   - navigating to &quot;https://naveenautomationlabs.com/opencart/&quot;, waiting until &quot;load&quot;

	at com.microsoft.playwright.impl.Connection.dispatch(Connection.java:262)
	at com.microsoft.playwright.impl.Connection.processOneMessage(Connection.java:214)
	at com.microsoft.playwright.impl.ChannelOwner.runUntil(ChannelOwner.java:136)
	... 32 more
</pre></div></td>
<td>0</td>
<td>com.qa.opencart.tests.LoginPageTest@74e52303</td></tr>
<tr>
<td title='com.qa.opencart.tests.LoginPageTest.isForgotPasswordExistsTest()'><b>isForgotPasswordExistsTest</b><br>Test class: com.qa.opencart.tests.LoginPageTest</td>
<td><div><pre>com.microsoft.playwright.PlaywrightException: Error {
  message=&apos;net::ERR_CONNECTION_TIMED_OUT at https://naveenautomationlabs.com/opencart/
  name=&apos;Error
  stack=&apos;Error: net::ERR_CONNECTION_TIMED_OUT at https://naveenautomationlabs.com/opencart/
    at FrameSession._navigate (C:\Users\Admin\AppData\Local\Temp\playwright-java-11389901864790644091\package\lib\server\chromium\crPage.js:487:13)
    at async Frame.gotoImpl (C:\Users\Admin\AppData\Local\Temp\playwright-java-11389901864790644091\package\lib\server\frames.js:522:28)
}
Call log:
-   - navigating to &quot;https://naveenautomationlabs.com/opencart/&quot;, waiting until &quot;load&quot;

	at com.microsoft.playwright.impl.WaitableResult.get(WaitableResult.java:56)
	at com.microsoft.playwright.impl.ChannelOwner.runUntil(ChannelOwner.java:138)
	at com.microsoft.playwright.impl.Connection.sendMessage(Connection.java:131)
	at com.microsoft.playwright.impl.ChannelOwner.sendMessage(ChannelOwner.java:124)
	at com.microsoft.playwright.impl.FrameImpl.navigateImpl(FrameImpl.java:429)
	at com.microsoft.playwright.impl.PageImpl.navigate(PageImpl.java:929)
	at com.microsoft.playwright.impl.PageImpl.navigate(PageImpl.java:43)
	at com.microsoft.playwright.Page.navigate(Page.java:5504)
	at com.qa.opencart.factory.PlaywrightFactory.initBrowser(PlaywrightFactory.java:75)
	at com.qa.opencart.tests.BaseTest.SetUp(BaseTest.java:26)
	at java.base/java.util.ArrayList.forEach(ArrayList.java:1604)
Caused by: com.microsoft.playwright.impl.DriverException: Error {
  message=&apos;net::ERR_CONNECTION_TIMED_OUT at https://naveenautomationlabs.com/opencart/
  name=&apos;Error
  stack=&apos;Error: net::ERR_CONNECTION_TIMED_OUT at https://naveenautomationlabs.com/opencart/
    at FrameSession._navigate (C:\Users\Admin\AppData\Local\Temp\playwright-java-11389901864790644091\package\lib\server\chromium\crPage.js:487:13)
    at async Frame.gotoImpl (C:\Users\Admin\AppData\Local\Temp\playwright-java-11389901864790644091\package\lib\server\frames.js:522:28)
}
Call log:
-   - navigating to &quot;https://naveenautomationlabs.com/opencart/&quot;, waiting until &quot;load&quot;

	at com.microsoft.playwright.impl.Connection.dispatch(Connection.java:262)
	at com.microsoft.playwright.impl.Connection.processOneMessage(Connection.java:214)
	at com.microsoft.playwright.impl.ChannelOwner.runUntil(ChannelOwner.java:136)
	... 32 more
... Removed 23 stack frames</pre></div><a href='#' onClick='toggleBox("stack-trace849198527", this, "Click to show all stack frames", "Click to hide stack frames")'>Click to show all stack frames</a>
<div class='stack-trace' id='stack-trace849198527'><pre>com.microsoft.playwright.PlaywrightException: Error {
  message=&apos;net::ERR_CONNECTION_TIMED_OUT at https://naveenautomationlabs.com/opencart/
  name=&apos;Error
  stack=&apos;Error: net::ERR_CONNECTION_TIMED_OUT at https://naveenautomationlabs.com/opencart/
    at FrameSession._navigate (C:\Users\Admin\AppData\Local\Temp\playwright-java-11389901864790644091\package\lib\server\chromium\crPage.js:487:13)
    at async Frame.gotoImpl (C:\Users\Admin\AppData\Local\Temp\playwright-java-11389901864790644091\package\lib\server\frames.js:522:28)
}
Call log:
-   - navigating to &quot;https://naveenautomationlabs.com/opencart/&quot;, waiting until &quot;load&quot;

	at com.microsoft.playwright.impl.WaitableResult.get(WaitableResult.java:56)
	at com.microsoft.playwright.impl.ChannelOwner.runUntil(ChannelOwner.java:138)
	at com.microsoft.playwright.impl.Connection.sendMessage(Connection.java:131)
	at com.microsoft.playwright.impl.ChannelOwner.sendMessage(ChannelOwner.java:124)
	at com.microsoft.playwright.impl.FrameImpl.navigateImpl(FrameImpl.java:429)
	at com.microsoft.playwright.impl.PageImpl.navigate(PageImpl.java:929)
	at com.microsoft.playwright.impl.PageImpl.navigate(PageImpl.java:43)
	at com.microsoft.playwright.Page.navigate(Page.java:5504)
	at com.qa.opencart.factory.PlaywrightFactory.initBrowser(PlaywrightFactory.java:75)
	at com.qa.opencart.tests.BaseTest.SetUp(BaseTest.java:26)
	at java.base/jdk.internal.reflect.DirectMethodHandleAccessor.invoke(DirectMethodHandleAccessor.java:104)
	at java.base/java.lang.reflect.Method.invoke(Method.java:565)
	at org.testng.internal.invokers.MethodInvocationHelper.invokeMethod(MethodInvocationHelper.java:141)
	at org.testng.internal.invokers.MethodInvocationHelper.invokeMethodConsideringTimeout(MethodInvocationHelper.java:71)
	at org.testng.internal.invokers.ConfigInvoker.invokeConfigurationMethod(ConfigInvoker.java:400)
	at org.testng.internal.invokers.ConfigInvoker.invokeConfigurations(ConfigInvoker.java:333)
	at org.testng.internal.invokers.TestMethodWorker.invokeBeforeClassMethods(TestMethodWorker.java:188)
	at org.testng.internal.invokers.TestMethodWorker.run(TestMethodWorker.java:128)
	at java.base/java.util.ArrayList.forEach(ArrayList.java:1604)
	at org.testng.TestRunner.privateRun(TestRunner.java:741)
	at org.testng.TestRunner.run(TestRunner.java:616)
	at org.testng.SuiteRunner.runTest(SuiteRunner.java:421)
	at org.testng.SuiteRunner.runSequentially(SuiteRunner.java:413)
	at org.testng.SuiteRunner.privateRun(SuiteRunner.java:373)
	at org.testng.SuiteRunner.run(SuiteRunner.java:312)
	at org.testng.SuiteRunnerWorker.runSuite(SuiteRunnerWorker.java:52)
	at org.testng.SuiteRunnerWorker.run(SuiteRunnerWorker.java:95)
	at org.testng.TestNG.runSuitesSequentially(TestNG.java:1274)
	at org.testng.TestNG.runSuitesLocally(TestNG.java:1208)
	at org.testng.TestNG.runSuites(TestNG.java:1112)
	at org.testng.TestNG.run(TestNG.java:1079)
	at org.testng.remote.AbstractRemoteTestNG.run(AbstractRemoteTestNG.java:115)
	at org.testng.remote.RemoteTestNG.initAndRun(RemoteTestNG.java:293)
	at org.testng.remote.RemoteTestNG.main(RemoteTestNG.java:91)
Caused by: com.microsoft.playwright.impl.DriverException: Error {
  message=&apos;net::ERR_CONNECTION_TIMED_OUT at https://naveenautomationlabs.com/opencart/
  name=&apos;Error
  stack=&apos;Error: net::ERR_CONNECTION_TIMED_OUT at https://naveenautomationlabs.com/opencart/
    at FrameSession._navigate (C:\Users\Admin\AppData\Local\Temp\playwright-java-11389901864790644091\package\lib\server\chromium\crPage.js:487:13)
    at async Frame.gotoImpl (C:\Users\Admin\AppData\Local\Temp\playwright-java-11389901864790644091\package\lib\server\frames.js:522:28)
}
Call log:
-   - navigating to &quot;https://naveenautomationlabs.com/opencart/&quot;, waiting until &quot;load&quot;

	at com.microsoft.playwright.impl.Connection.dispatch(Connection.java:262)
	at com.microsoft.playwright.impl.Connection.processOneMessage(Connection.java:214)
	at com.microsoft.playwright.impl.ChannelOwner.runUntil(ChannelOwner.java:136)
	... 32 more
</pre></div></td>
<td>0</td>
<td>com.qa.opencart.tests.LoginPageTest@74e52303</td></tr>
<tr>
<td title='com.qa.opencart.tests.LoginPageTest.LoginPageNavigationTest()'><b>LoginPageNavigationTest</b><br>Test class: com.qa.opencart.tests.LoginPageTest</td>
<td><div><pre>com.microsoft.playwright.PlaywrightException: Error {
  message=&apos;net::ERR_CONNECTION_TIMED_OUT at https://naveenautomationlabs.com/opencart/
  name=&apos;Error
  stack=&apos;Error: net::ERR_CONNECTION_TIMED_OUT at https://naveenautomationlabs.com/opencart/
    at FrameSession._navigate (C:\Users\Admin\AppData\Local\Temp\playwright-java-11389901864790644091\package\lib\server\chromium\crPage.js:487:13)
    at async Frame.gotoImpl (C:\Users\Admin\AppData\Local\Temp\playwright-java-11389901864790644091\package\lib\server\frames.js:522:28)
}
Call log:
-   - navigating to &quot;https://naveenautomationlabs.com/opencart/&quot;, waiting until &quot;load&quot;

	at com.microsoft.playwright.impl.WaitableResult.get(WaitableResult.java:56)
	at com.microsoft.playwright.impl.ChannelOwner.runUntil(ChannelOwner.java:138)
	at com.microsoft.playwright.impl.Connection.sendMessage(Connection.java:131)
	at com.microsoft.playwright.impl.ChannelOwner.sendMessage(ChannelOwner.java:124)
	at com.microsoft.playwright.impl.FrameImpl.navigateImpl(FrameImpl.java:429)
	at com.microsoft.playwright.impl.PageImpl.navigate(PageImpl.java:929)
	at com.microsoft.playwright.impl.PageImpl.navigate(PageImpl.java:43)
	at com.microsoft.playwright.Page.navigate(Page.java:5504)
	at com.qa.opencart.factory.PlaywrightFactory.initBrowser(PlaywrightFactory.java:75)
	at com.qa.opencart.tests.BaseTest.SetUp(BaseTest.java:26)
	at java.base/java.util.ArrayList.forEach(ArrayList.java:1604)
Caused by: com.microsoft.playwright.impl.DriverException: Error {
  message=&apos;net::ERR_CONNECTION_TIMED_OUT at https://naveenautomationlabs.com/opencart/
  name=&apos;Error
  stack=&apos;Error: net::ERR_CONNECTION_TIMED_OUT at https://naveenautomationlabs.com/opencart/
    at FrameSession._navigate (C:\Users\Admin\AppData\Local\Temp\playwright-java-11389901864790644091\package\lib\server\chromium\crPage.js:487:13)
    at async Frame.gotoImpl (C:\Users\Admin\AppData\Local\Temp\playwright-java-11389901864790644091\package\lib\server\frames.js:522:28)
}
Call log:
-   - navigating to &quot;https://naveenautomationlabs.com/opencart/&quot;, waiting until &quot;load&quot;

	at com.microsoft.playwright.impl.Connection.dispatch(Connection.java:262)
	at com.microsoft.playwright.impl.Connection.processOneMessage(Connection.java:214)
	at com.microsoft.playwright.impl.ChannelOwner.runUntil(ChannelOwner.java:136)
	... 32 more
... Removed 23 stack frames</pre></div><a href='#' onClick='toggleBox("stack-trace238816832", this, "Click to show all stack frames", "Click to hide stack frames")'>Click to show all stack frames</a>
<div class='stack-trace' id='stack-trace238816832'><pre>com.microsoft.playwright.PlaywrightException: Error {
  message=&apos;net::ERR_CONNECTION_TIMED_OUT at https://naveenautomationlabs.com/opencart/
  name=&apos;Error
  stack=&apos;Error: net::ERR_CONNECTION_TIMED_OUT at https://naveenautomationlabs.com/opencart/
    at FrameSession._navigate (C:\Users\Admin\AppData\Local\Temp\playwright-java-11389901864790644091\package\lib\server\chromium\crPage.js:487:13)
    at async Frame.gotoImpl (C:\Users\Admin\AppData\Local\Temp\playwright-java-11389901864790644091\package\lib\server\frames.js:522:28)
}
Call log:
-   - navigating to &quot;https://naveenautomationlabs.com/opencart/&quot;, waiting until &quot;load&quot;

	at com.microsoft.playwright.impl.WaitableResult.get(WaitableResult.java:56)
	at com.microsoft.playwright.impl.ChannelOwner.runUntil(ChannelOwner.java:138)
	at com.microsoft.playwright.impl.Connection.sendMessage(Connection.java:131)
	at com.microsoft.playwright.impl.ChannelOwner.sendMessage(ChannelOwner.java:124)
	at com.microsoft.playwright.impl.FrameImpl.navigateImpl(FrameImpl.java:429)
	at com.microsoft.playwright.impl.PageImpl.navigate(PageImpl.java:929)
	at com.microsoft.playwright.impl.PageImpl.navigate(PageImpl.java:43)
	at com.microsoft.playwright.Page.navigate(Page.java:5504)
	at com.qa.opencart.factory.PlaywrightFactory.initBrowser(PlaywrightFactory.java:75)
	at com.qa.opencart.tests.BaseTest.SetUp(BaseTest.java:26)
	at java.base/jdk.internal.reflect.DirectMethodHandleAccessor.invoke(DirectMethodHandleAccessor.java:104)
	at java.base/java.lang.reflect.Method.invoke(Method.java:565)
	at org.testng.internal.invokers.MethodInvocationHelper.invokeMethod(MethodInvocationHelper.java:141)
	at org.testng.internal.invokers.MethodInvocationHelper.invokeMethodConsideringTimeout(MethodInvocationHelper.java:71)
	at org.testng.internal.invokers.ConfigInvoker.invokeConfigurationMethod(ConfigInvoker.java:400)
	at org.testng.internal.invokers.ConfigInvoker.invokeConfigurations(ConfigInvoker.java:333)
	at org.testng.internal.invokers.TestMethodWorker.invokeBeforeClassMethods(TestMethodWorker.java:188)
	at org.testng.internal.invokers.TestMethodWorker.run(TestMethodWorker.java:128)
	at java.base/java.util.ArrayList.forEach(ArrayList.java:1604)
	at org.testng.TestRunner.privateRun(TestRunner.java:741)
	at org.testng.TestRunner.run(TestRunner.java:616)
	at org.testng.SuiteRunner.runTest(SuiteRunner.java:421)
	at org.testng.SuiteRunner.runSequentially(SuiteRunner.java:413)
	at org.testng.SuiteRunner.privateRun(SuiteRunner.java:373)
	at org.testng.SuiteRunner.run(SuiteRunner.java:312)
	at org.testng.SuiteRunnerWorker.runSuite(SuiteRunnerWorker.java:52)
	at org.testng.SuiteRunnerWorker.run(SuiteRunnerWorker.java:95)
	at org.testng.TestNG.runSuitesSequentially(TestNG.java:1274)
	at org.testng.TestNG.runSuitesLocally(TestNG.java:1208)
	at org.testng.TestNG.runSuites(TestNG.java:1112)
	at org.testng.TestNG.run(TestNG.java:1079)
	at org.testng.remote.AbstractRemoteTestNG.run(AbstractRemoteTestNG.java:115)
	at org.testng.remote.RemoteTestNG.initAndRun(RemoteTestNG.java:293)
	at org.testng.remote.RemoteTestNG.main(RemoteTestNG.java:91)
Caused by: com.microsoft.playwright.impl.DriverException: Error {
  message=&apos;net::ERR_CONNECTION_TIMED_OUT at https://naveenautomationlabs.com/opencart/
  name=&apos;Error
  stack=&apos;Error: net::ERR_CONNECTION_TIMED_OUT at https://naveenautomationlabs.com/opencart/
    at FrameSession._navigate (C:\Users\Admin\AppData\Local\Temp\playwright-java-11389901864790644091\package\lib\server\chromium\crPage.js:487:13)
    at async Frame.gotoImpl (C:\Users\Admin\AppData\Local\Temp\playwright-java-11389901864790644091\package\lib\server\frames.js:522:28)
}
Call log:
-   - navigating to &quot;https://naveenautomationlabs.com/opencart/&quot;, waiting until &quot;load&quot;

	at com.microsoft.playwright.impl.Connection.dispatch(Connection.java:262)
	at com.microsoft.playwright.impl.Connection.processOneMessage(Connection.java:214)
	at com.microsoft.playwright.impl.ChannelOwner.runUntil(ChannelOwner.java:136)
	... 32 more
</pre></div></td>
<td>0</td>
<td>com.qa.opencart.tests.LoginPageTest@74e52303</td></tr>
</table><p>
</body>
</html>