<?xml version="1.0" encoding="UTF-8"?>
<!-- Generated by org.testng.reporters.JUnitXMLReporter -->
<testsuite ignored="0" hostname="DESKTOP-MFOD7DB" failures="0" tests="3" name="LoginTests" time="24.166" errors="0" timestamp="2026-02-02T21:06:59 IST">
  <testcase classname="com.qa.opencart.tests.LoginPageTest" name="LoginPageNavigationTest" time="0.001">
    <skipped/>
  </testcase> <!-- LoginPageNavigationTest -->
  <testcase classname="com.qa.opencart.tests.LoginPageTest" name="isForgotPasswordExistsTest" time="0.001">
    <skipped/>
  </testcase> <!-- isForgotPasswordExistsTest -->
  <testcase classname="com.qa.opencart.tests.LoginPageTest" name="doLogin" time="0.0">
    <skipped/>
  </testcase> <!-- doLogin -->
</testsuite> <!-- LoginTests -->
